# JRE version: OpenJDK Runtime Environment (8.0_152-b06) (build 1.8.0_152-release-1136-b06)
# Java VM: OpenJDK 64-Bit Server VM (25.152-b06 mixed mode windows-amd64 compressed oops)
Heap:
 PSYoungGen      total 373248K, used 265216K [0x00000000e0000000, 0x0000000100000000, 0x0000000100000000)
  eden space 265216K, 100% used [0x00000000e0000000,0x00000000f0300000,0x00000000f0300000)
  from space 108032K, 0% used [0x00000000f0300000,0x00000000f0300000,0x00000000f6c80000)
  to   space 143872K, 55% used [0x00000000f7380000,0x00000000fc1ee300,0x0000000100000000)
 ParOldGen       total 284160K, used 108091K [0x00000000a0000000, 0x00000000b1580000, 0x00000000e0000000)
  object space 284160K, 38% used [0x00000000a0000000,0x00000000a698edc8,0x00000000b1580000)
 Metaspace       used 77722K, capacity 79576K, committed 79872K, reserved 1120256K
  class space    used 8920K, capacity 9371K, committed 9472K, reserved 1048576K
GC Heap History (10 events):
Event: 17.963 GC heap after
Heap after GC invocations=12 (full 4):
 PSYoungGen      total 415744K, used 59389K [0x00000000e0000000, 0x0000000100000000, 0x0000000100000000)
  eden space 356352K, 0% used [0x00000000e0000000,0x00000000e0000000,0x00000000f5c00000)
  from space 59392K, 99% used [0x00000000fb200000,0x00000000febff5b8,0x00000000fec00000)
  to   space 83968K, 0% used [0x00000000f5c00000,0x00000000f5c00000,0x00000000fae00000)
 ParOldGen       total 212480K, used 106486K [0x00000000a0000000, 0x00000000acf80000, 0x00000000e0000000)
  object space 212480K, 50% used [0x00000000a0000000,0x00000000a67fdb50,0x00000000acf80000)
 Metaspace       used 59006K, capacity 60012K, committed 60416K, reserved 1101824K
  class space    used 7108K, capacity 7345K, committed 7424K, reserved 1048576K
}
Event: 28.544 GC heap before
{Heap before GC invocations=13 (full 4):
 PSYoungGen      total 415744K, used 415741K [0x00000000e0000000, 0x0000000100000000, 0x0000000100000000)
  eden space 356352K, 100% used [0x00000000e0000000,0x00000000f5c00000,0x00000000f5c00000)
  from space 59392K, 99% used [0x00000000fb200000,0x00000000febff5b8,0x00000000fec00000)
  to   space 83968K, 0% used [0x00000000f5c00000,0x00000000f5c00000,0x00000000fae00000)
 ParOldGen       total 212480K, used 106486K [0x00000000a0000000, 0x00000000acf80000, 0x00000000e0000000)
  object space 212480K, 50% used [0x00000000a0000000,0x00000000a67fdb50,0x00000000acf80000)
 Metaspace       used 66042K, capacity 67236K, committed 67456K, reserved 1107968K
  class space    used 7744K, capacity 8009K, committed 8064K, reserved 1048576K
Event: 28.650 GC heap after
Heap after GC invocations=13 (full 4):
 PSYoungGen      total 440320K, used 83963K [0x00000000e0000000, 0x0000000100000000, 0x0000000100000000)
  eden space 356352K, 0% used [0x00000000e0000000,0x00000000e0000000,0x00000000f5c00000)
  from space 83968K, 99% used [0x00000000f5c00000,0x00000000fadfed50,0x00000000fae00000)
  to   space 83968K, 0% used [0x00000000fae00000,0x00000000fae00000,0x0000000100000000)
 ParOldGen       total 212480K, used 128727K [0x00000000a0000000, 0x00000000acf80000, 0x00000000e0000000)
  object space 212480K, 60% used [0x00000000a0000000,0x00000000a7db5fa8,0x00000000acf80000)
 Metaspace       used 66042K, capacity 67236K, committed 67456K, reserved 1107968K
  class space    used 7744K, capacity 8009K, committed 8064K, reserved 1048576K
}
Event: 787.715 GC heap before
{Heap before GC invocations=14 (full 4):
 PSYoungGen      total 440320K, used 440315K [0x00000000e0000000, 0x0000000100000000, 0x0000000100000000)
  eden space 356352K, 100% used [0x00000000e0000000,0x00000000f5c00000,0x00000000f5c00000)
  from space 83968K, 99% used [0x00000000f5c00000,0x00000000fadfed50,0x00000000fae00000)
  to   space 83968K, 0% used [0x00000000fae00000,0x00000000fae00000,0x0000000100000000)
 ParOldGen       total 212480K, used 128727K [0x00000000a0000000, 0x00000000acf80000, 0x00000000e0000000)
  object space 212480K, 60% used [0x00000000a0000000,0x00000000a7db5fa8,0x00000000acf80000)
 Metaspace       used 71289K, capacity 72708K, committed 73088K, reserved 1114112K
  class space    used 8146K, capacity 8463K, committed 8576K, reserved 1048576K
Event: 787.889 GC heap after
Heap after GC invocations=14 (full 4):
 PSYoungGen      total 349184K, used 83957K [0x00000000e0000000, 0x0000000100000000, 0x0000000100000000)
  eden space 265216K, 0% used [0x00000000e0000000,0x00000000e0000000,0x00000000f0300000)
  from space 83968K, 99% used [0x00000000fae00000,0x00000000ffffd608,0x0000000100000000)
  to   space 129536K, 0% used [0x00000000f0300000,0x00000000f0300000,0x00000000f8180000)
 ParOldGen       total 212480K, used 158075K [0x00000000a0000000, 0x00000000acf80000, 0x00000000e0000000)
  object space 212480K, 74% used [0x00000000a0000000,0x00000000a9a5ee60,0x00000000acf80000)
 Metaspace       used 71289K, capacity 72708K, committed 73088K, reserved 1114112K
  class space    used 8146K, capacity 8463K, committed 8576K, reserved 1048576K
}
Event: 790.474 GC heap before
{Heap before GC invocations=15 (full 4):
 PSYoungGen      total 349184K, used 349173K [0x00000000e0000000, 0x0000000100000000, 0x0000000100000000)
  eden space 265216K, 100% used [0x00000000e0000000,0x00000000f0300000,0x00000000f0300000)
  from space 83968K, 99% used [0x00000000fae00000,0x00000000ffffd608,0x0000000100000000)
  to   space 129536K, 0% used [0x00000000f0300000,0x00000000f0300000,0x00000000f8180000)
 ParOldGen       total 212480K, used 158075K [0x00000000a0000000, 0x00000000acf80000, 0x00000000e0000000)
  object space 212480K, 74% used [0x00000000a0000000,0x00000000a9a5ee60,0x00000000acf80000)
 Metaspace       used 76585K, capacity 78106K, committed 78336K, reserved 1118208K
  class space    used 8787K, capacity 9154K, committed 9216K, reserved 1048576K
Event: 790.774 GC heap after
Heap after GC invocations=15 (full 4):
 PSYoungGen      total 373248K, used 107988K [0x00000000e0000000, 0x0000000100000000, 0x0000000100000000)
  eden space 265216K, 0% used [0x00000000e0000000,0x00000000e0000000,0x00000000f0300000)
  from space 108032K, 99% used [0x00000000f0300000,0x00000000f6c75210,0x00000000f6c80000)
  to   space 143872K, 0% used [0x00000000f7380000,0x00000000f7380000,0x0000000100000000)
 ParOldGen       total 222208K, used 221707K [0x00000000a0000000, 0x00000000ad900000, 0x00000000e0000000)
  object space 222208K, 99% used [0x00000000a0000000,0x00000000ad882c18,0x00000000ad900000)
 Metaspace       used 76585K, capacity 78106K, committed 78336K, reserved 1118208K
  class space    used 8787K, capacity 9154K, committed 9216K, reserved 1048576K
}
Event: 790.774 GC heap before
{Heap before GC invocations=16 (full 5):
 PSYoungGen      total 373248K, used 107988K [0x00000000e0000000, 0x0000000100000000, 0x0000000100000000)
  eden space 265216K, 0% used [0x00000000e0000000,0x00000000e0000000,0x00000000f0300000)
  from space 108032K, 99% used [0x00000000f0300000,0x00000000f6c75210,0x00000000f6c80000)
  to   space 143872K, 0% used [0x00000000f7380000,0x00000000f7380000,0x0000000100000000)
 ParOldGen       total 222208K, used 221707K [0x00000000a0000000, 0x00000000ad900000, 0x00000000e0000000)
  object space 222208K, 99% used [0x00000000a0000000,0x00000000ad882c18,0x00000000ad900000)
 Metaspace       used 76585K, capacity 78106K, committed 78336K, reserved 1118208K
  class space    used 8787K, capacity 9154K, committed 9216K, reserved 1048576K
Event: 791.282 GC heap after
Heap after GC invocations=16 (full 5):
 PSYoungGen      total 373248K, used 0K [0x00000000e0000000, 0x0000000100000000, 0x0000000100000000)
  eden space 265216K, 0% used [0x00000000e0000000,0x00000000e0000000,0x00000000f0300000)
  from space 108032K, 0% used [0x00000000f0300000,0x00000000f0300000,0x00000000f6c80000)
  to   space 143872K, 0% used [0x00000000f7380000,0x00000000f7380000,0x0000000100000000)
 ParOldGen       total 284160K, used 108083K [0x00000000a0000000, 0x00000000b1580000, 0x00000000e0000000)
  object space 284160K, 38% used [0x00000000a0000000,0x00000000a698cdc8,0x00000000b1580000)
 Metaspace       used 76585K, capacity 78106K, committed 78336K, reserved 1118208K
  class space    used 8787K, capacity 9154K, committed 9216K, reserved 1048576K
}
Event: 793.505 GC heap before
{Heap before GC invocations=17 (full 5):
 PSYoungGen      total 373248K, used 265216K [0x00000000e0000000, 0x0000000100000000, 0x0000000100000000)
  eden space 265216K, 100% used [0x00000000e0000000,0x00000000f0300000,0x00000000f0300000)
  from space 108032K, 0% used [0x00000000f0300000,0x00000000f0300000,0x00000000f6c80000)
  to   space 143872K, 0% used [0x00000000f7380000,0x00000000f7380000,0x0000000100000000)
 ParOldGen       total 284160K, used 108083K [0x00000000a0000000, 0x00000000b1580000, 0x00000000e0000000)
  object space 284160K, 38% used [0x00000000a0000000,0x00000000a698cdc8,0x00000000b1580000)
 Metaspace       used 77722K, capacity 79576K, committed 79872K, reserved 1120256K
  class space    used 8920K, capacity 9371K, committed 9472K, reserved 1048576K

