# JRE version: OpenJDK Runtime Environment (8.0_152-b06) (build 1.8.0_152-release-1136-b06)
# Java VM: OpenJDK 64-Bit Server VM (25.152-b06 mixed mode windows-amd64 compressed oops)
Heap:
 PSYoungGen      total 324608K, used 304243K [0x00000000e0000000, 0x0000000100000000, 0x0000000100000000)
  eden space 175104K, 100% used [0x00000000e0000000,0x00000000eab00000,0x00000000eab00000)
  from space 149504K, 86% used [0x00000000f6e00000,0x00000000fec1cd58,0x0000000100000000)
  to   space 174592K, 91% used [0x00000000eab00000,0x00000000f47519f0,0x00000000f5580000)
 ParOldGen       total 260608K, used 64039K [0x00000000a0000000, 0x00000000afe80000, 0x00000000e0000000)
  object space 260608K, 24% used [0x00000000a0000000,0x00000000a3e89f08,0x00000000afe80000)
 Metaspace       used 95407K, capacity 97992K, committed 99096K, reserved 1136640K
  class space    used 10781K, capacity 11455K, committed 12328K, reserved 1048576K
GC Heap History (10 events):
Event: 9259.349 GC heap after
Heap after GC invocations=37 (full 7):
 PSYoungGen      total 408064K, used 27621K [0x00000000e0000000, 0x0000000100000000, 0x0000000100000000)
  eden space 288256K, 0% used [0x00000000e0000000,0x00000000e0000000,0x00000000f1980000)
  from space 119808K, 23% used [0x00000000f8b00000,0x00000000fa5f9660,0x0000000100000000)
  to   space 116224K, 0% used [0x00000000f1980000,0x00000000f1980000,0x00000000f8b00000)
 ParOldGen       total 260608K, used 24623K [0x00000000a0000000, 0x00000000afe80000, 0x00000000e0000000)
  object space 260608K, 9% used [0x00000000a0000000,0x00000000a180bf88,0x00000000afe80000)
 Metaspace       used 86200K, capacity 88474K, committed 97048K, reserved 1134592K
  class space    used 9673K, capacity 10198K, committed 12328K, reserved 1048576K
}
Event: 9421.366 GC heap before
{Heap before GC invocations=38 (full 7):
 PSYoungGen      total 408064K, used 315877K [0x00000000e0000000, 0x0000000100000000, 0x0000000100000000)
  eden space 288256K, 100% used [0x00000000e0000000,0x00000000f1980000,0x00000000f1980000)
  from space 119808K, 23% used [0x00000000f8b00000,0x00000000fa5f9660,0x0000000100000000)
  to   space 116224K, 0% used [0x00000000f1980000,0x00000000f1980000,0x00000000f8b00000)
 ParOldGen       total 260608K, used 24623K [0x00000000a0000000, 0x00000000afe80000, 0x00000000e0000000)
  object space 260608K, 9% used [0x00000000a0000000,0x00000000a180bf88,0x00000000afe80000)
 Metaspace       used 87841K, capacity 90240K, committed 97048K, reserved 1134592K
  class space    used 9861K, capacity 10447K, committed 12328K, reserved 1048576K
Event: 9421.410 GC heap after
Heap after GC invocations=38 (full 7):
 PSYoungGen      total 326656K, used 38199K [0x00000000e0000000, 0x00000000ff180000, 0x0000000100000000)
  eden space 288256K, 0% used [0x00000000e0000000,0x00000000e0000000,0x00000000f1980000)
  from space 38400K, 99% used [0x00000000f1980000,0x00000000f3ecdc90,0x00000000f3f00000)
  to   space 110592K, 0% used [0x00000000f8580000,0x00000000f8580000,0x00000000ff180000)
 ParOldGen       total 260608K, used 24631K [0x00000000a0000000, 0x00000000afe80000, 0x00000000e0000000)
  object space 260608K, 9% used [0x00000000a0000000,0x00000000a180df88,0x00000000afe80000)
 Metaspace       used 87841K, capacity 90240K, committed 97048K, reserved 1134592K
  class space    used 9861K, capacity 10447K, committed 12328K, reserved 1048576K
}
Event: 9422.701 GC heap before
{Heap before GC invocations=39 (full 7):
 PSYoungGen      total 326656K, used 326455K [0x00000000e0000000, 0x00000000ff180000, 0x0000000100000000)
  eden space 288256K, 100% used [0x00000000e0000000,0x00000000f1980000,0x00000000f1980000)
  from space 38400K, 99% used [0x00000000f1980000,0x00000000f3ecdc90,0x00000000f3f00000)
  to   space 110592K, 0% used [0x00000000f8580000,0x00000000f8580000,0x00000000ff180000)
 ParOldGen       total 260608K, used 24631K [0x00000000a0000000, 0x00000000afe80000, 0x00000000e0000000)
  object space 260608K, 9% used [0x00000000a0000000,0x00000000a180df88,0x00000000afe80000)
 Metaspace       used 92135K, capacity 94560K, committed 97048K, reserved 1134592K
  class space    used 10406K, capacity 10991K, committed 12328K, reserved 1048576K
Event: 9423.040 GC heap after
Heap after GC invocations=39 (full 7):
 PSYoungGen      total 353280K, used 110566K [0x00000000e0000000, 0x0000000100000000, 0x0000000100000000)
  eden space 242688K, 0% used [0x00000000e0000000,0x00000000e0000000,0x00000000eed00000)
  from space 110592K, 99% used [0x00000000f8580000,0x00000000ff1799b0,0x00000000ff180000)
  to   space 140800K, 0% used [0x00000000eed00000,0x00000000eed00000,0x00000000f7680000)
 ParOldGen       total 260608K, used 58785K [0x00000000a0000000, 0x00000000afe80000, 0x00000000e0000000)
  object space 260608K, 22% used [0x00000000a0000000,0x00000000a3968478,0x00000000afe80000)
 Metaspace       used 92135K, capacity 94560K, committed 97048K, reserved 1134592K
  class space    used 10406K, capacity 10991K, committed 12328K, reserved 1048576K
}
Event: 9440.737 GC heap before
{Heap before GC invocations=40 (full 7):
 PSYoungGen      total 353280K, used 353254K [0x00000000e0000000, 0x0000000100000000, 0x0000000100000000)
  eden space 242688K, 100% used [0x00000000e0000000,0x00000000eed00000,0x00000000eed00000)
  from space 110592K, 99% used [0x00000000f8580000,0x00000000ff1799b0,0x00000000ff180000)
  to   space 140800K, 0% used [0x00000000eed00000,0x00000000eed00000,0x00000000f7680000)
 ParOldGen       total 260608K, used 58785K [0x00000000a0000000, 0x00000000afe80000, 0x00000000e0000000)
  object space 260608K, 22% used [0x00000000a0000000,0x00000000a3968478,0x00000000afe80000)
 Metaspace       used 93043K, capacity 95508K, committed 97048K, reserved 1134592K
  class space    used 10510K, capacity 11135K, committed 12328K, reserved 1048576K
Event: 9440.832 GC heap after
Heap after GC invocations=40 (full 7):
 PSYoungGen      total 374784K, used 131696K [0x00000000e0000000, 0x0000000100000000, 0x0000000100000000)
  eden space 242688K, 0% used [0x00000000e0000000,0x00000000e0000000,0x00000000eed00000)
  from space 132096K, 99% used [0x00000000eed00000,0x00000000f6d9c058,0x00000000f6e00000)
  to   space 149504K, 0% used [0x00000000f6e00000,0x00000000f6e00000,0x0000000100000000)
 ParOldGen       total 260608K, used 58793K [0x00000000a0000000, 0x00000000afe80000, 0x00000000e0000000)
  object space 260608K, 22% used [0x00000000a0000000,0x00000000a396a478,0x00000000afe80000)
 Metaspace       used 93043K, capacity 95508K, committed 97048K, reserved 1134592K
  class space    used 10510K, capacity 11135K, committed 12328K, reserved 1048576K
}
Event: 9513.515 GC heap before
{Heap before GC invocations=41 (full 7):
 PSYoungGen      total 374784K, used 374384K [0x00000000e0000000, 0x0000000100000000, 0x0000000100000000)
  eden space 242688K, 100% used [0x00000000e0000000,0x00000000eed00000,0x00000000eed00000)
  from space 132096K, 99% used [0x00000000eed00000,0x00000000f6d9c058,0x00000000f6e00000)
  to   space 149504K, 0% used [0x00000000f6e00000,0x00000000f6e00000,0x0000000100000000)
 ParOldGen       total 260608K, used 58793K [0x00000000a0000000, 0x00000000afe80000, 0x00000000e0000000)
  object space 260608K, 22% used [0x00000000a0000000,0x00000000a396a478,0x00000000afe80000)
 Metaspace       used 94349K, capacity 96868K, committed 98072K, reserved 1134592K
  class space    used 10658K, capacity 11311K, committed 12328K, reserved 1048576K
Event: 9513.612 GC heap after
Heap after GC invocations=41 (full 7):
 PSYoungGen      total 324608K, used 129139K [0x00000000e0000000, 0x0000000100000000, 0x0000000100000000)
  eden space 175104K, 0% used [0x00000000e0000000,0x00000000e0000000,0x00000000eab00000)
  from space 149504K, 86% used [0x00000000f6e00000,0x00000000fec1cd58,0x0000000100000000)
  to   space 174592K, 0% used [0x00000000eab00000,0x00000000eab00000,0x00000000f5580000)
 ParOldGen       total 260608K, used 58801K [0x00000000a0000000, 0x00000000afe80000, 0x00000000e0000000)
  object space 260608K, 22% used [0x00000000a0000000,0x00000000a396c478,0x00000000afe80000)
 Metaspace       used 94349K, capacity 96868K, committed 98072K, reserved 1134592K
  class space    used 10658K, capacity 11311K, committed 12328K, reserved 1048576K
}
Event: 9514.947 GC heap before
{Heap before GC invocations=42 (full 7):
 PSYoungGen      total 324608K, used 304243K [0x00000000e0000000, 0x0000000100000000, 0x0000000100000000)
  eden space 175104K, 100% used [0x00000000e0000000,0x00000000eab00000,0x00000000eab00000)
  from space 149504K, 86% used [0x00000000f6e00000,0x00000000fec1cd58,0x0000000100000000)
  to   space 174592K, 0% used [0x00000000eab00000,0x00000000eab00000,0x00000000f5580000)
 ParOldGen       total 260608K, used 58801K [0x00000000a0000000, 0x00000000afe80000, 0x00000000e0000000)
  object space 260608K, 22% used [0x00000000a0000000,0x00000000a396c478,0x00000000afe80000)
 Metaspace       used 95407K, capacity 97992K, committed 99096K, reserved 1136640K
  class space    used 10781K, capacity 11455K, committed 12328K, reserved 1048576K

