# JRE version: OpenJDK Runtime Environment (8.0_152-b06) (build 1.8.0_152-release-1136-b06)
# Java VM: OpenJDK 64-Bit Server VM (25.152-b06 mixed mode windows-amd64 compressed oops)
Heap:
 PSYoungGen      total 377856K, used 314576K [0x00000000e0000000, 0x0000000100000000, 0x0000000100000000)
  eden space 236032K, 100% used [0x00000000e0000000,0x00000000ee680000,0x00000000ee680000)
  from space 141824K, 55% used [0x00000000ee680000,0x00000000f3334110,0x00000000f7100000)
  to   space 142336K, 33% used [0x00000000f7500000,0x00000000fa3090a0,0x0000000100000000)
 ParOldGen       total 321536K, used 54739K [0x00000000a0000000, 0x00000000b3a00000, 0x00000000e0000000)
  object space 321536K, 17% used [0x00000000a0000000,0x00000000a3574e00,0x00000000b3a00000)
 Metaspace       used 87725K, capacity 90148K, committed 90368K, reserved 1128448K
  class space    used 10048K, capacity 10645K, committed 10752K, reserved 1048576K
GC Heap History (10 events):
Event: 311.286 GC heap after
Heap after GC invocations=21 (full 5):
 PSYoungGen      total 366592K, used 79222K [0x00000000e0000000, 0x00000000ffa00000, 0x0000000100000000)
  eden space 228352K, 0% used [0x00000000e0000000,0x00000000e0000000,0x00000000edf00000)
  from space 138240K, 57% used [0x00000000f7300000,0x00000000fc05dbc8,0x00000000ffa00000)
  to   space 144896K, 0% used [0x00000000edf00000,0x00000000edf00000,0x00000000f6c80000)
 ParOldGen       total 368128K, used 164226K [0x00000000a0000000, 0x00000000b6780000, 0x00000000e0000000)
  object space 368128K, 44% used [0x00000000a0000000,0x00000000aa060908,0x00000000b6780000)
 Metaspace       used 84974K, capacity 87172K, committed 87424K, reserved 1126400K
  class space    used 9775K, capacity 10321K, committed 10368K, reserved 1048576K
}
Event: 312.881 GC heap before
{Heap before GC invocations=22 (full 5):
 PSYoungGen      total 366592K, used 307574K [0x00000000e0000000, 0x00000000ffa00000, 0x0000000100000000)
  eden space 228352K, 100% used [0x00000000e0000000,0x00000000edf00000,0x00000000edf00000)
  from space 138240K, 57% used [0x00000000f7300000,0x00000000fc05dbc8,0x00000000ffa00000)
  to   space 144896K, 0% used [0x00000000edf00000,0x00000000edf00000,0x00000000f6c80000)
 ParOldGen       total 368128K, used 164226K [0x00000000a0000000, 0x00000000b6780000, 0x00000000e0000000)
  object space 368128K, 44% used [0x00000000a0000000,0x00000000aa060908,0x00000000b6780000)
 Metaspace       used 85429K, capacity 87694K, committed 87936K, reserved 1126400K
  class space    used 9824K, capacity 10364K, committed 10368K, reserved 1048576K
Event: 312.999 GC heap after
Heap after GC invocations=22 (full 5):
 PSYoungGen      total 373248K, used 76908K [0x00000000e0000000, 0x0000000100000000, 0x0000000100000000)
  eden space 228352K, 0% used [0x00000000e0000000,0x00000000e0000000,0x00000000edf00000)
  from space 144896K, 53% used [0x00000000edf00000,0x00000000f2a1b340,0x00000000f6c80000)
  to   space 143360K, 0% used [0x00000000f7400000,0x00000000f7400000,0x0000000100000000)
 ParOldGen       total 368128K, used 232172K [0x00000000a0000000, 0x00000000b6780000, 0x00000000e0000000)
  object space 368128K, 63% used [0x00000000a0000000,0x00000000ae2bb110,0x00000000b6780000)
 Metaspace       used 85429K, capacity 87694K, committed 87936K, reserved 1126400K
  class space    used 9824K, capacity 10364K, committed 10368K, reserved 1048576K
}
Event: 432.763 GC heap before
{Heap before GC invocations=23 (full 5):
 PSYoungGen      total 373248K, used 305260K [0x00000000e0000000, 0x0000000100000000, 0x0000000100000000)
  eden space 228352K, 100% used [0x00000000e0000000,0x00000000edf00000,0x00000000edf00000)
  from space 144896K, 53% used [0x00000000edf00000,0x00000000f2a1b340,0x00000000f6c80000)
  to   space 143360K, 0% used [0x00000000f7400000,0x00000000f7400000,0x0000000100000000)
 ParOldGen       total 368128K, used 232172K [0x00000000a0000000, 0x00000000b6780000, 0x00000000e0000000)
  object space 368128K, 63% used [0x00000000a0000000,0x00000000ae2bb110,0x00000000b6780000)
 Metaspace       used 87215K, capacity 89592K, committed 89728K, reserved 1128448K
  class space    used 10012K, capacity 10613K, committed 10624K, reserved 1048576K
Event: 432.824 GC heap after
Heap after GC invocations=23 (full 5):
 PSYoungGen      total 374784K, used 17637K [0x00000000e0000000, 0x00000000ffb80000, 0x0000000100000000)
  eden space 236032K, 0% used [0x00000000e0000000,0x00000000e0000000,0x00000000ee680000)
  from space 138752K, 12% used [0x00000000f7400000,0x00000000f8539538,0x00000000ffb80000)
  to   space 141824K, 0% used [0x00000000ee680000,0x00000000ee680000,0x00000000f7100000)
 ParOldGen       total 368128K, used 292324K [0x00000000a0000000, 0x00000000b6780000, 0x00000000e0000000)
  object space 368128K, 79% used [0x00000000a0000000,0x00000000b1d79118,0x00000000b6780000)
 Metaspace       used 87215K, capacity 89592K, committed 89728K, reserved 1128448K
  class space    used 10012K, capacity 10613K, committed 10624K, reserved 1048576K
}
Event: 432.824 GC heap before
{Heap before GC invocations=24 (full 6):
 PSYoungGen      total 374784K, used 17637K [0x00000000e0000000, 0x00000000ffb80000, 0x0000000100000000)
  eden space 236032K, 0% used [0x00000000e0000000,0x00000000e0000000,0x00000000ee680000)
  from space 138752K, 12% used [0x00000000f7400000,0x00000000f8539538,0x00000000ffb80000)
  to   space 141824K, 0% used [0x00000000ee680000,0x00000000ee680000,0x00000000f7100000)
 ParOldGen       total 368128K, used 292324K [0x00000000a0000000, 0x00000000b6780000, 0x00000000e0000000)
  object space 368128K, 79% used [0x00000000a0000000,0x00000000b1d79118,0x00000000b6780000)
 Metaspace       used 87215K, capacity 89592K, committed 89728K, reserved 1128448K
  class space    used 10012K, capacity 10613K, committed 10624K, reserved 1048576K
Event: 432.975 GC heap after
Heap after GC invocations=24 (full 6):
 PSYoungGen      total 374784K, used 0K [0x00000000e0000000, 0x00000000ffb80000, 0x0000000100000000)
  eden space 236032K, 0% used [0x00000000e0000000,0x00000000e0000000,0x00000000ee680000)
  from space 138752K, 0% used [0x00000000f7400000,0x00000000f7400000,0x00000000ffb80000)
  to   space 141824K, 0% used [0x00000000ee680000,0x00000000ee680000,0x00000000f7100000)
 ParOldGen       total 321536K, used 42959K [0x00000000a0000000, 0x00000000b3a00000, 0x00000000e0000000)
  object space 321536K, 13% used [0x00000000a0000000,0x00000000a29f3fd8,0x00000000b3a00000)
 Metaspace       used 82791K, capacity 85100K, committed 89728K, reserved 1128448K
  class space    used 9443K, capacity 10029K, committed 10624K, reserved 1048576K
}
Event: 434.162 GC heap before
{Heap before GC invocations=25 (full 6):
 PSYoungGen      total 374784K, used 236032K [0x00000000e0000000, 0x00000000ffb80000, 0x0000000100000000)
  eden space 236032K, 100% used [0x00000000e0000000,0x00000000ee680000,0x00000000ee680000)
  from space 138752K, 0% used [0x00000000f7400000,0x00000000f7400000,0x00000000ffb80000)
  to   space 141824K, 0% used [0x00000000ee680000,0x00000000ee680000,0x00000000f7100000)
 ParOldGen       total 321536K, used 42959K [0x00000000a0000000, 0x00000000b3a00000, 0x00000000e0000000)
  object space 321536K, 13% used [0x00000000a0000000,0x00000000a29f3fd8,0x00000000b3a00000)
 Metaspace       used 87105K, capacity 89420K, committed 89728K, reserved 1128448K
  class space    used 9989K, capacity 10573K, committed 10624K, reserved 1048576K
Event: 434.235 GC heap after
Heap after GC invocations=25 (full 6):
 PSYoungGen      total 377856K, used 78544K [0x00000000e0000000, 0x0000000100000000, 0x0000000100000000)
  eden space 236032K, 0% used [0x00000000e0000000,0x00000000e0000000,0x00000000ee680000)
  from space 141824K, 55% used [0x00000000ee680000,0x00000000f3334110,0x00000000f7100000)
  to   space 142336K, 0% used [0x00000000f7500000,0x00000000f7500000,0x0000000100000000)
 ParOldGen       total 321536K, used 42967K [0x00000000a0000000, 0x00000000b3a00000, 0x00000000e0000000)
  object space 321536K, 13% used [0x00000000a0000000,0x00000000a29f5fd8,0x00000000b3a00000)
 Metaspace       used 87105K, capacity 89420K, committed 89728K, reserved 1128448K
  class space    used 9989K, capacity 10573K, committed 10624K, reserved 1048576K
}
Event: 436.179 GC heap before
{Heap before GC invocations=26 (full 6):
 PSYoungGen      total 377856K, used 314576K [0x00000000e0000000, 0x0000000100000000, 0x0000000100000000)
  eden space 236032K, 100% used [0x00000000e0000000,0x00000000ee680000,0x00000000ee680000)
  from space 141824K, 55% used [0x00000000ee680000,0x00000000f3334110,0x00000000f7100000)
  to   space 142336K, 0% used [0x00000000f7500000,0x00000000f7500000,0x0000000100000000)
 ParOldGen       total 321536K, used 42967K [0x00000000a0000000, 0x00000000b3a00000, 0x00000000e0000000)
  object space 321536K, 13% used [0x00000000a0000000,0x00000000a29f5fd8,0x00000000b3a00000)
 Metaspace       used 87725K, capacity 90148K, committed 90368K, reserved 1128448K
  class space    used 10048K, capacity 10645K, committed 10752K, reserved 1048576K

