# JRE version: OpenJDK Runtime Environment (8.0_152-b06) (build 1.8.0_152-release-1136-b06)
# Java VM: OpenJDK 64-Bit Server VM (25.152-b06 mixed mode windows-amd64 compressed oops)
Heap:
 PSYoungGen      total 343552K, used 185452K [0x00000000e0000000, 0x0000000100000000, 0x0000000100000000)
  eden space 168960K, 100% used [0x00000000e0000000,0x00000000ea500000,0x00000000ea500000)
  from space 174592K, 9% used [0x00000000ea500000,0x00000000eb51b210,0x00000000f4f80000)
  to   space 174592K, 19% used [0x00000000f5580000,0x00000000f77954e0,0x0000000100000000)
 ParOldGen       total 330752K, used 33512K [0x00000000a0000000, 0x00000000b4300000, 0x00000000e0000000)
  object space 330752K, 10% used [0x00000000a0000000,0x00000000a20ba278,0x00000000b4300000)
 Metaspace       used 87592K, capacity 89328K, committed 90496K, reserved 1128448K
  class space    used 9991K, capacity 10411K, committed 10624K, reserved 1048576K
GC Heap History (10 events):
Event: 5508.706 GC heap after
Heap after GC invocations=19 (full 4):
 PSYoungGen      total 349696K, used 16032K [0x00000000e0000000, 0x0000000100000000, 0x0000000100000000)
  eden space 175104K, 0% used [0x00000000e0000000,0x00000000e0000000,0x00000000eab00000)
  from space 174592K, 9% used [0x00000000eab00000,0x00000000ebaa82f0,0x00000000f5580000)
  to   space 174592K, 0% used [0x00000000f5580000,0x00000000f5580000,0x0000000100000000)
 ParOldGen       total 330752K, used 24708K [0x00000000a0000000, 0x00000000b4300000, 0x00000000e0000000)
  object space 330752K, 7% used [0x00000000a0000000,0x00000000a1821368,0x00000000b4300000)
 Metaspace       used 80955K, capacity 82500K, committed 87680K, reserved 1126400K
  class space    used 9212K, capacity 9563K, committed 10368K, reserved 1048576K
}
Event: 5511.709 GC heap before
{Heap before GC invocations=20 (full 4):
 PSYoungGen      total 349696K, used 191136K [0x00000000e0000000, 0x0000000100000000, 0x0000000100000000)
  eden space 175104K, 100% used [0x00000000e0000000,0x00000000eab00000,0x00000000eab00000)
  from space 174592K, 9% used [0x00000000eab00000,0x00000000ebaa82f0,0x00000000f5580000)
  to   space 174592K, 0% used [0x00000000f5580000,0x00000000f5580000,0x0000000100000000)
 ParOldGen       total 330752K, used 24708K [0x00000000a0000000, 0x00000000b4300000, 0x00000000e0000000)
  object space 330752K, 7% used [0x00000000a0000000,0x00000000a1821368,0x00000000b4300000)
 Metaspace       used 82653K, capacity 84348K, committed 87680K, reserved 1126400K
  class space    used 9390K, capacity 9787K, committed 10368K, reserved 1048576K
Event: 5511.738 GC heap after
Heap after GC invocations=20 (full 4):
 PSYoungGen      total 349696K, used 24865K [0x00000000e0000000, 0x0000000100000000, 0x0000000100000000)
  eden space 175104K, 0% used [0x00000000e0000000,0x00000000e0000000,0x00000000eab00000)
  from space 174592K, 14% used [0x00000000f5580000,0x00000000f6dc84b0,0x0000000100000000)
  to   space 174592K, 0% used [0x00000000eab00000,0x00000000eab00000,0x00000000f5580000)
 ParOldGen       total 330752K, used 24716K [0x00000000a0000000, 0x00000000b4300000, 0x00000000e0000000)
  object space 330752K, 7% used [0x00000000a0000000,0x00000000a1823368,0x00000000b4300000)
 Metaspace       used 82653K, capacity 84348K, committed 87680K, reserved 1126400K
  class space    used 9390K, capacity 9787K, committed 10368K, reserved 1048576K
}
Event: 5512.922 GC heap before
{Heap before GC invocations=21 (full 4):
 PSYoungGen      total 349696K, used 199969K [0x00000000e0000000, 0x0000000100000000, 0x0000000100000000)
  eden space 175104K, 100% used [0x00000000e0000000,0x00000000eab00000,0x00000000eab00000)
  from space 174592K, 14% used [0x00000000f5580000,0x00000000f6dc84b0,0x0000000100000000)
  to   space 174592K, 0% used [0x00000000eab00000,0x00000000eab00000,0x00000000f5580000)
 ParOldGen       total 330752K, used 24716K [0x00000000a0000000, 0x00000000b4300000, 0x00000000e0000000)
  object space 330752K, 7% used [0x00000000a0000000,0x00000000a1823368,0x00000000b4300000)
 Metaspace       used 86944K, capacity 88668K, committed 89984K, reserved 1128448K
  class space    used 9928K, capacity 10331K, committed 10624K, reserved 1048576K
Event: 5513.364 GC heap after
Heap after GC invocations=21 (full 4):
 PSYoungGen      total 248832K, used 73575K [0x00000000e0000000, 0x00000000ff400000, 0x0000000100000000)
  eden space 175104K, 0% used [0x00000000e0000000,0x00000000e0000000,0x00000000eab00000)
  from space 73728K, 99% used [0x00000000eab00000,0x00000000ef2d9c18,0x00000000ef300000)
  to   space 168448K, 0% used [0x00000000f4f80000,0x00000000f4f80000,0x00000000ff400000)
 ParOldGen       total 330752K, used 24724K [0x00000000a0000000, 0x00000000b4300000, 0x00000000e0000000)
  object space 330752K, 7% used [0x00000000a0000000,0x00000000a1825368,0x00000000b4300000)
 Metaspace       used 86944K, capacity 88668K, committed 89984K, reserved 1128448K
  class space    used 9928K, capacity 10331K, committed 10624K, reserved 1048576K
}
Event: 5513.828 GC heap before
{Heap before GC invocations=22 (full 4):
 PSYoungGen      total 248832K, used 248679K [0x00000000e0000000, 0x00000000ff400000, 0x0000000100000000)
  eden space 175104K, 100% used [0x00000000e0000000,0x00000000eab00000,0x00000000eab00000)
  from space 73728K, 99% used [0x00000000eab00000,0x00000000ef2d9c18,0x00000000ef300000)
  to   space 168448K, 0% used [0x00000000f4f80000,0x00000000f4f80000,0x00000000ff400000)
 ParOldGen       total 330752K, used 24724K [0x00000000a0000000, 0x00000000b4300000, 0x00000000e0000000)
  object space 330752K, 7% used [0x00000000a0000000,0x00000000a1825368,0x00000000b4300000)
 Metaspace       used 86988K, capacity 88732K, committed 90240K, reserved 1128448K
  class space    used 9936K, capacity 10331K, committed 10624K, reserved 1048576K
Event: 5513.998 GC heap after
Heap after GC invocations=22 (full 4):
 PSYoungGen      total 337408K, used 143382K [0x00000000e0000000, 0x0000000100000000, 0x0000000100000000)
  eden space 168960K, 0% used [0x00000000e0000000,0x00000000e0000000,0x00000000ea500000)
  from space 168448K, 85% used [0x00000000f4f80000,0x00000000fdb85aa8,0x00000000ff400000)
  to   space 174592K, 0% used [0x00000000ea500000,0x00000000ea500000,0x00000000f4f80000)
 ParOldGen       total 330752K, used 24732K [0x00000000a0000000, 0x00000000b4300000, 0x00000000e0000000)
  object space 330752K, 7% used [0x00000000a0000000,0x00000000a1827368,0x00000000b4300000)
 Metaspace       used 86988K, capacity 88732K, committed 90240K, reserved 1128448K
  class space    used 9936K, capacity 10331K, committed 10624K, reserved 1048576K
}
Event: 5515.414 GC heap before
{Heap before GC invocations=23 (full 4):
 PSYoungGen      total 337408K, used 312342K [0x00000000e0000000, 0x0000000100000000, 0x0000000100000000)
  eden space 168960K, 100% used [0x00000000e0000000,0x00000000ea500000,0x00000000ea500000)
  from space 168448K, 85% used [0x00000000f4f80000,0x00000000fdb85aa8,0x00000000ff400000)
  to   space 174592K, 0% used [0x00000000ea500000,0x00000000ea500000,0x00000000f4f80000)
 ParOldGen       total 330752K, used 24732K [0x00000000a0000000, 0x00000000b4300000, 0x00000000e0000000)
  object space 330752K, 7% used [0x00000000a0000000,0x00000000a1827368,0x00000000b4300000)
 Metaspace       used 87217K, capacity 89022K, committed 90240K, reserved 1128448K
  class space    used 9959K, capacity 10378K, committed 10624K, reserved 1048576K
Event: 5515.427 GC heap after
Heap after GC invocations=23 (full 4):
 PSYoungGen      total 343552K, used 16492K [0x00000000e0000000, 0x0000000100000000, 0x0000000100000000)
  eden space 168960K, 0% used [0x00000000e0000000,0x00000000e0000000,0x00000000ea500000)
  from space 174592K, 9% used [0x00000000ea500000,0x00000000eb51b210,0x00000000f4f80000)
  to   space 174592K, 0% used [0x00000000f5580000,0x00000000f5580000,0x0000000100000000)
 ParOldGen       total 330752K, used 24740K [0x00000000a0000000, 0x00000000b4300000, 0x00000000e0000000)
  object space 330752K, 7% used [0x00000000a0000000,0x00000000a1829368,0x00000000b4300000)
 Metaspace       used 87217K, capacity 89022K, committed 90240K, reserved 1128448K
  class space    used 9959K, capacity 10378K, committed 10624K, reserved 1048576K
}
Event: 5516.869 GC heap before
{Heap before GC invocations=24 (full 4):
 PSYoungGen      total 343552K, used 185452K [0x00000000e0000000, 0x0000000100000000, 0x0000000100000000)
  eden space 168960K, 100% used [0x00000000e0000000,0x00000000ea500000,0x00000000ea500000)
  from space 174592K, 9% used [0x00000000ea500000,0x00000000eb51b210,0x00000000f4f80000)
  to   space 174592K, 0% used [0x00000000f5580000,0x00000000f5580000,0x0000000100000000)
 ParOldGen       total 330752K, used 24740K [0x00000000a0000000, 0x00000000b4300000, 0x00000000e0000000)
  object space 330752K, 7% used [0x00000000a0000000,0x00000000a1829368,0x00000000b4300000)
 Metaspace       used 87592K, capacity 89328K, committed 90496K, reserved 1128448K
  class space    used 9991K, capacity 10411K, committed 10624K, reserved 1048576K

